-------------------------------------------------------------------------------
Test set: com.qa.shopkick.tests.LaunchTest
-------------------------------------------------------------------------------
Tests run: 1, Failures: 0, Errors: 1, Skipped: 0, Time elapsed: 13.154 sec <<< FAILURE! - in com.qa.shopkick.tests.LaunchTest
RegistrationFlow(com.qa.shopkick.tests.LaunchTest)  Time elapsed: 6.242 sec  <<< ERROR!
org.openqa.selenium.NoSuchElementException: Cann't locate an element by this strategy: By.AndroidUIAutomator: new UiSelector().resourceId("com.shopkick.app:id/button_text").text("NEXT")
For documentation on this error, please visit: http://seleniumhq.org/exceptions/no_such_element.html
Build info: version: '2.44.0', revision: '76d78cf323ce037c5f92db6c1bba601c2ac43ad8', time: '2014-10-23 13:11:40'
System info: host: 'Srikanths-MacBook-Pro.local', ip: '172.16.20.166', os.name: 'Mac OS X', os.arch: 'x86_64', os.version: '10.10.1', java.version: '1.7.0_71'
Driver info: driver.version: unknown
	at io.appium.java_client.pagefactory.AppiumElementLocator.findElement(AppiumElementLocator.java:132)
	at io.appium.java_client.pagefactory.ElementInterceptor.intercept(ElementInterceptor.java:26)
	at org.openqa.selenium.remote.RemoteWebElement$$EnhancerByCGLIB$$99ced3de.click(<generated>)
	at com.qa.shopkick.pages.RewardsPickerPage.clickNextButton(RewardsPickerPage.java:20)
	at com.qa.shopkick.tests.LaunchTest.RegistrationFlow(LaunchTest.java:23)

